<?xml version="1.0" encoding="UTF-8"?>
<testsuite xmlns:xsi="http://www.w3.org/2001/XMLSchema-instance" xsi:noNamespaceSchemaLocation="https://maven.apache.org/surefire/maven-surefire-plugin/xsd/surefire-test-report-3.0.xsd" version="3.0" name="com.example.MathUtilsTest" time="0.071" tests="5" errors="0" skipped="0" failures="0">
  <properties>
[...]
</properties>
  <testcase name="testDivideByZero" classname="com.example.MathUtilsTest" time="0.026"/>
  <testcase name="testAdd" classname="com.example.MathUtilsTest" time="0"/>
  <testcase name="testSubtract" classname="com.example.MathUtilsTest" time="0.011"/>
  <testcase name="testDivide" classname="com.example.MathUtilsTest" time="0"/>
  <testcase name="testMultiply" classname="com.example.MathUtilsTest" time="0"/>
</testsuite>